0 info it worked if it ends with ok
1 verbose cli [ 'c:\\Program Files\\nodejs\\node.exe',
1 verbose cli   'c:\\Program Files\\nodejs\\node_modules\\npm\\bin\\npm-cli.js',
1 verbose cli   'install' ]
2 info using npm@2.7.4
3 info using node@v0.12.2
4 warn package.json ReactApp@1.0.0 No repository field.
5 warn package.json ReactApp@1.0.0 No README data
6 verbose install where, deps [ 'c:\\Users\\Dima\\Documents\\Github\\GamesComponents',
6 verbose install   [ 'del',
6 verbose install     'gulp',
6 verbose install     'gulp-concat',
6 verbose install     'gulp-connect',
6 verbose install     'gulp-rename',
6 verbose install     'gulp-iconfont',
6 verbose install     'gulp-svgmin',
6 verbose install     'gulp-csslint',
6 verbose install     'gulp-jscs',
6 verbose install     'gulp-jsxhint',
6 verbose install     'gulp-sourcemaps',
6 verbose install     'gulp-changed',
6 verbose install     'gulp-uglify',
6 verbose install     'gulp-util',
6 verbose install     'vinyl-paths',
6 verbose install     'gulp-browserify',
6 verbose install     'reactify',
6 verbose install     'react',
6 verbose install     'react-dom',
6 verbose install     'react-router',
6 verbose install     'jquery',
6 verbose install     'lodash',
6 verbose install     'underscore.string',
6 verbose install     'readable-stream',
6 verbose install     'glob',
6 verbose install     'react-addons' ] ]
7 verbose install where, peers [ 'c:\\Users\\Dima\\Documents\\Github\\GamesComponents', [] ]
8 info preinstall ReactApp@1.0.0
9 verbose already installed skipping vinyl-paths@^1.0.0 c:\Users\Dima\Documents\Github\GamesComponents
10 verbose already installed skipping gulp-browserify@~0.5.1 c:\Users\Dima\Documents\Github\GamesComponents
11 verbose already installed skipping reactify@~1.1.1 c:\Users\Dima\Documents\Github\GamesComponents
12 verbose already installed skipping react@~0.14.2 c:\Users\Dima\Documents\Github\GamesComponents
13 verbose already installed skipping react-dom@~0.14.2 c:\Users\Dima\Documents\Github\GamesComponents
14 verbose already installed skipping react-router@1.0.3 c:\Users\Dima\Documents\Github\GamesComponents
15 verbose already installed skipping jquery@2.1.4 c:\Users\Dima\Documents\Github\GamesComponents
16 verbose already installed skipping lodash@~2.4.1 c:\Users\Dima\Documents\Github\GamesComponents
17 verbose already installed skipping underscore.string@~2.4.0 c:\Users\Dima\Documents\Github\GamesComponents
18 verbose already installed skipping readable-stream@^2.0.2 c:\Users\Dima\Documents\Github\GamesComponents
19 verbose already installed skipping glob@~4.3.1 c:\Users\Dima\Documents\Github\GamesComponents
20 verbose already installed skipping react-addons@~0.9.0 c:\Users\Dima\Documents\Github\GamesComponents
21 verbose already installed skipping del@^1.1.1 c:\Users\Dima\Documents\Github\GamesComponents
22 verbose already installed skipping gulp@^3.8.10 c:\Users\Dima\Documents\Github\GamesComponents
23 verbose already installed skipping gulp-concat@^2.6.0 c:\Users\Dima\Documents\Github\GamesComponents
24 verbose already installed skipping gulp-connect@^2.2.0 c:\Users\Dima\Documents\Github\GamesComponents
25 verbose already installed skipping gulp-rename@^1.2.2 c:\Users\Dima\Documents\Github\GamesComponents
26 verbose already installed skipping gulp-iconfont@^4.0.0 c:\Users\Dima\Documents\Github\GamesComponents
27 verbose already installed skipping gulp-svgmin@^1.2.0 c:\Users\Dima\Documents\Github\GamesComponents
28 verbose already installed skipping gulp-csslint@^0.2.0 c:\Users\Dima\Documents\Github\GamesComponents
29 verbose already installed skipping gulp-jscs@^1.4.0 c:\Users\Dima\Documents\Github\GamesComponents
30 silly cache add args [ 'gulp-jsxhint@~0.15.1', null ]
31 verbose cache add spec gulp-jsxhint@~0.15.1
32 silly cache add parsed spec { raw: 'gulp-jsxhint@~0.15.1',
32 silly cache add   scope: null,
32 silly cache add   name: 'gulp-jsxhint',
32 silly cache add   rawSpec: '~0.15.1',
32 silly cache add   spec: '>=0.15.1 <0.16.0',
32 silly cache add   type: 'range' }
33 verbose addNamed gulp-jsxhint@>=0.15.1 <0.16.0
34 silly addNamed semver.valid null
35 silly addNamed semver.validRange >=0.15.1 <0.16.0
36 silly addNameRange { name: 'gulp-jsxhint',
36 silly addNameRange   range: '>=0.15.1 <0.16.0',
36 silly addNameRange   hasData: false }
37 silly mapToRegistry name gulp-jsxhint
38 silly mapToRegistry using default registry
39 silly mapToRegistry registry https://registry.npmjs.org/
40 silly mapToRegistry uri https://registry.npmjs.org/gulp-jsxhint
41 verbose addNameRange registry:https://registry.npmjs.org/gulp-jsxhint not in flight; fetching
42 verbose already installed skipping gulp-sourcemaps@^1.5.1 c:\Users\Dima\Documents\Github\GamesComponents
43 verbose already installed skipping gulp-changed@^1.1.1 c:\Users\Dima\Documents\Github\GamesComponents
44 verbose already installed skipping gulp-uglify@^1.2.0 c:\Users\Dima\Documents\Github\GamesComponents
45 verbose already installed skipping gulp-util@^3.0.3 c:\Users\Dima\Documents\Github\GamesComponents
46 verbose request uri https://registry.npmjs.org/gulp-jsxhint
47 verbose request no auth needed
48 info attempt registry request try #1 at 01:10:12
49 verbose request id c9cdb63ea17346b8
50 verbose etag "X7FHHYXJP72PPKTVXZ48R1JT"
51 http request GET https://registry.npmjs.org/gulp-jsxhint
52 http 304 https://registry.npmjs.org/gulp-jsxhint
53 silly get cb [ 304,
53 silly get   { date: 'Mon, 18 Jan 2016 23:10:00 GMT',
53 silly get     via: '1.1 varnish',
53 silly get     'cache-control': 'max-age=300',
53 silly get     etag: '"X7FHHYXJP72PPKTVXZ48R1JT"',
53 silly get     age: '125',
53 silly get     connection: 'keep-alive',
53 silly get     'x-served-by': 'cache-fra1222-FRA',
53 silly get     'x-cache': 'HIT',
53 silly get     'x-cache-hits': '1',
53 silly get     'x-timer': 'S1453158600.952779,VS0,VE0',
53 silly get     vary: 'Accept' } ]
54 verbose etag https://registry.npmjs.org/gulp-jsxhint from cache
55 verbose get saving gulp-jsxhint to C:\Users\Dima\AppData\Roaming\npm-cache\registry.npmjs.org\gulp-jsxhint\.cache.json
56 silly addNameRange number 2 { name: 'gulp-jsxhint',
56 silly addNameRange   range: '>=0.15.1 <0.16.0',
56 silly addNameRange   hasData: true }
57 silly addNameRange versions [ 'gulp-jsxhint', [ '0.0.1' ] ]
58 verbose stack Error: No compatible version found: gulp-jsxhint@'>=0.15.1 <0.16.0'
58 verbose stack Valid install targets:
58 verbose stack ["0.0.1"]
58 verbose stack
58 verbose stack     at installTargetsError (c:\Program Files\nodejs\node_modules\npm\lib\cache\add-named.js:259:12)
58 verbose stack     at next (c:\Program Files\nodejs\node_modules\npm\lib\cache\add-named.js:238:17)
58 verbose stack     at setData (c:\Program Files\nodejs\node_modules\npm\lib\cache\add-named.js:215:5)
58 verbose stack     at RES (c:\Program Files\nodejs\node_modules\npm\node_modules\inflight\inflight.js:23:14)
58 verbose stack     at f (c:\Program Files\nodejs\node_modules\npm\node_modules\once\once.js:17:25)
58 verbose stack     at saved (c:\Program Files\nodejs\node_modules\npm\lib\cache\caching-client.js:173:7)
58 verbose stack     at FSReqWrap.oncomplete (fs.js:95:15)
59 verbose cwd c:\Users\Dima\Documents\Github\GamesComponents
60 error Windows_NT 6.1.7601
61 error argv "c:\\Program Files\\nodejs\\node.exe" "c:\\Program Files\\nodejs\\node_modules\\npm\\bin\\npm-cli.js" "install"
62 error node v0.12.2
63 error npm  v2.7.4
64 error code ETARGET
65 error notarget No compatible version found: gulp-jsxhint@'>=0.15.1 <0.16.0'
65 error notarget Valid install targets:
65 error notarget ["0.0.1"]
65 error notarget
65 error notarget This is most likely not a problem with npm itself.
65 error notarget In most cases you or one of your dependencies are requesting
65 error notarget a package version that doesn't exist.
65 error notarget
65 error notarget It was specified as a dependency of 'ReactApp'
66 verbose exit [ 1, true ]
